  main.cpp
c:\users\u16191\downloads\arvoreavl-master\arvoreavl\arvoreavl\noarvorebinariaavl.h(11): warning C4290: especificação de exceção de C++ ignorada exceto para indicar que a função não é __declspec(nothrow)
c:\users\u16191\downloads\arvoreavl-master\arvoreavl\arvoreavl\noarvorebinariaavl.h(13): warning C4290: especificação de exceção de C++ ignorada exceto para indicar que a função não é __declspec(nothrow)
c:\users\u16191\downloads\arvoreavl-master\arvoreavl\arvoreavl\noarvorebinariaavl.h(30): warning C4290: especificação de exceção de C++ ignorada exceto para indicar que a função não é __declspec(nothrow)
c:\users\u16191\downloads\arvoreavl-master\arvoreavl\arvoreavl\noarvorebinariaavl.h(32): warning C4290: especificação de exceção de C++ ignorada exceto para indicar que a função não é __declspec(nothrow)
c:\users\u16191\downloads\arvoreavl-master\arvoreavl\arvoreavl\noarvorebinariaavl.h(33): warning C4290: especificação de exceção de C++ ignorada exceto para indicar que a função não é __declspec(nothrow)
c:\users\u16191\downloads\arvoreavl-master\arvoreavl\arvoreavl\noarvorebinariaavl.h(36): warning C4290: especificação de exceção de C++ ignorada exceto para indicar que a função não é __declspec(nothrow)
c:\users\u16191\downloads\arvoreavl-master\arvoreavl\arvoreavl\noarvorebinariaavl.h(37): warning C4290: especificação de exceção de C++ ignorada exceto para indicar que a função não é __declspec(nothrow)
c:\users\u16191\downloads\arvoreavl-master\arvoreavl\arvoreavl\arvorebinariaavl.h(13): warning C4290: especificação de exceção de C++ ignorada exceto para indicar que a função não é __declspec(nothrow)
c:\users\u16191\downloads\arvoreavl-master\arvoreavl\arvoreavl\arvorebinariaavl.h(14): warning C4290: especificação de exceção de C++ ignorada exceto para indicar que a função não é __declspec(nothrow)
  NoArvoreBinariaAVL.cpp
c:\users\u16191\downloads\arvoreavl-master\arvoreavl\arvoreavl\noarvorebinariaavl.h(11): warning C4290: especificação de exceção de C++ ignorada exceto para indicar que a função não é __declspec(nothrow)
c:\users\u16191\downloads\arvoreavl-master\arvoreavl\arvoreavl\noarvorebinariaavl.h(13): warning C4290: especificação de exceção de C++ ignorada exceto para indicar que a função não é __declspec(nothrow)
c:\users\u16191\downloads\arvoreavl-master\arvoreavl\arvoreavl\noarvorebinariaavl.h(30): warning C4290: especificação de exceção de C++ ignorada exceto para indicar que a função não é __declspec(nothrow)
c:\users\u16191\downloads\arvoreavl-master\arvoreavl\arvoreavl\noarvorebinariaavl.h(32): warning C4290: especificação de exceção de C++ ignorada exceto para indicar que a função não é __declspec(nothrow)
c:\users\u16191\downloads\arvoreavl-master\arvoreavl\arvoreavl\noarvorebinariaavl.h(33): warning C4290: especificação de exceção de C++ ignorada exceto para indicar que a função não é __declspec(nothrow)
c:\users\u16191\downloads\arvoreavl-master\arvoreavl\arvoreavl\noarvorebinariaavl.h(36): warning C4290: especificação de exceção de C++ ignorada exceto para indicar que a função não é __declspec(nothrow)
c:\users\u16191\downloads\arvoreavl-master\arvoreavl\arvoreavl\noarvorebinariaavl.h(37): warning C4290: especificação de exceção de C++ ignorada exceto para indicar que a função não é __declspec(nothrow)
c:\users\u16191\downloads\arvoreavl-master\arvoreavl\arvoreavl\noarvorebinariaavl.cpp(6): warning C5043: "NoArvoreBinariaAVL::NoArvoreBinariaAVL": a especificação de exceção não corresponde à declaração anterior
  c:\users\u16191\downloads\arvoreavl-master\arvoreavl\arvoreavl\noarvorebinariaavl.h(11): note: consulte a declaração de 'NoArvoreBinariaAVL::NoArvoreBinariaAVL'
c:\users\u16191\downloads\arvoreavl-master\arvoreavl\arvoreavl\noarvorebinariaavl.cpp(23): warning C4290: especificação de exceção de C++ ignorada exceto para indicar que a função não é __declspec(nothrow)
c:\users\u16191\downloads\arvoreavl-master\arvoreavl\arvoreavl\noarvorebinariaavl.cpp(43): warning C4290: especificação de exceção de C++ ignorada exceto para indicar que a função não é __declspec(nothrow)
c:\users\u16191\downloads\arvoreavl-master\arvoreavl\arvoreavl\noarvorebinariaavl.cpp(57): warning C4290: especificação de exceção de C++ ignorada exceto para indicar que a função não é __declspec(nothrow)
c:\users\u16191\downloads\arvoreavl-master\arvoreavl\arvoreavl\noarvorebinariaavl.cpp(217): warning C4290: especificação de exceção de C++ ignorada exceto para indicar que a função não é __declspec(nothrow)
c:\users\u16191\downloads\arvoreavl-master\arvoreavl\arvoreavl\noarvorebinariaavl.cpp(228): warning C4290: especificação de exceção de C++ ignorada exceto para indicar que a função não é __declspec(nothrow)
c:\users\u16191\downloads\arvoreavl-master\arvoreavl\arvoreavl\noarvorebinariaavl.cpp(255): warning C4290: especificação de exceção de C++ ignorada exceto para indicar que a função não é __declspec(nothrow)
  Gerando Código...
c:\users\u16191\downloads\arvoreavl-master\arvoreavl\arvoreavl\noarvorebinariaavl.cpp(121): warning C4715: 'NoArvoreBinariaAVL::inserirVetorOrdem': nem todos os caminhos de controle retornam um valor
c:\users\u16191\downloads\arvoreavl-master\arvoreavl\arvoreavl\noarvorebinariaavl.cpp(175): warning C4715: 'NoArvoreBinariaAVL::removerVetorOrdem': nem todos os caminhos de controle retornam um valor
  ArvoreAVL.vcxproj -> C:\Users\u16191\Downloads\ArvoreAVL-master\ArvoreAVL\x64\Debug\ArvoreAVL.exe
